<?xml version="1.0" encoding="utf-8"?><testsuites name="pytest tests"><testsuite name="pytest" errors="0" failures="0" skipped="0" tests="15" time="15.462" timestamp="2026-05-04T16:02:07.495435+00:00" hostname="agent-env-59eef35e-20ea-444a-a3a3-34a83b5b39ee"><testcase classname="backend.tests.backend_test" name="test_config" time="1.093" /><testcase classname="backend.tests.backend_test" name="test_login_success" time="0.873" /><testcase classname="backend.tests.backend_test" name="test_login_wrong_password" time="0.870" /><testcase classname="backend.tests.backend_test" name="test_login_unknown_email" time="0.839" /><testcase classname="backend.tests.backend_test" name="test_me_with_token" time="1.491" /><testcase classname="backend.tests.backend_test" name="test_me_without_token" time="0.735" /><testcase classname="backend.tests.backend_test" name="test_me_invalid_token" time="0.734" /><testcase classname="backend.tests.backend_test" name="test_create_booking_valid" time="0.660" /><testcase classname="backend.tests.backend_test" name="test_create_booking_invalid_transport_type" time="0.651" /><testcase classname="backend.tests.backend_test" name="test_create_booking_missing_fields" time="0.663" /><testcase classname="backend.tests.backend_test" name="test_list_bookings_requires_auth" time="0.719" /><testcase classname="backend.tests.backend_test" name="test_list_bookings_authenticated" time="0.647" /><testcase classname="backend.tests.backend_test" name="test_full_booking_lifecycle" time="3.953" /><testcase classname="backend.tests.backend_test" name="test_update_nonexistent_booking" time="0.641" /><testcase classname="backend.tests.backend_test" name="test_delete_requires_auth" time="0.818" /></testsuite></testsuites>